<?xml version="1.0" encoding="UTF-8"?>
<!-- Generated by org.testng.reporters.JUnitReportReporter -->
<testsuite skipped="0" hostname="DESKTOP-UC0838C" name="org.adactin.testng.Para" tests="1" failures="0" timestamp="13 Mar 2021 15:18:07 GMT" time="7.120" errors="0">
  <testcase name="Para" time="7.120" classname="org.adactin.testng.Para"/>
</testsuite> <!-- org.adactin.testng.Para -->
