<?xml version="1.0" encoding="UTF-8"?>
<!-- Generated by org.testng.reporters.JUnitReportReporter -->
<testsuite hostname="DESKTOP-UC0838C" name="org.adactin.testng.Test3" tests="2" failures="0" timestamp="13 Mar 2021 06:07:03 GMT" time="0.014" errors="0">
  <testcase name="tc111" time="0.013" classname="org.adactin.testng.Test3"/>
  <testcase name="tc222" time="0.001" classname="org.adactin.testng.Test3"/>
</testsuite> <!-- org.adactin.testng.Test3 -->
