<?xml version="1.0" encoding="UTF-8"?>
<!-- Generated by org.testng.reporters.JUnitReportReporter -->
<testsuite skipped="0" hostname="DESKTOP-UC0838C" name="org.adactin.testng.Sample2" tests="1" failures="0" timestamp="14 Mar 2021 06:06:10 GMT" time="0.012" errors="0">
  <testcase name="tc3" time="0.012" classname="org.adactin.testng.Sample2"/>
</testsuite> <!-- org.adactin.testng.Sample2 -->
