<?xml version="1.0" encoding="UTF-8"?>
<!-- Generated by org.testng.reporters.JUnitReportReporter -->
<testsuite skipped="0" hostname="DESKTOP-UC0838C" name="org.adactin.testng.Sample3" tests="2" failures="0" timestamp="14 Mar 2021 06:06:10 GMT" time="0.001" errors="0">
  <testcase name="tc5" time="0.001" classname="org.adactin.testng.Sample3"/>
  <testcase name="tc6" time="0.000" classname="org.adactin.testng.Sample3"/>
</testsuite> <!-- org.adactin.testng.Sample3 -->
